{"C:\\Users\\rssam\\Desktop\\Weekly Progress\\Week 6\\Week 6 day 7\\day7_backend\\db.js": {"path":"C:\\Users\\rssam\\Desktop\\Weekly Progress\\Week 6\\Week 6 day 7\\day7_backend\\db.js","statementMap":{"0":{"start":{"line":2,"column":0},"end":{"line":2,"column":15}},"1":{"start":{"line":4,"column":20},"end":{"line":4,"column":44}},"2":{"start":{"line":5,"column":20},"end":{"line":5,"column":44}},"3":{"start":{"line":6,"column":24},"end":{"line":6,"column":62}}},"fnMap":{},"branchMap":{},"s":{"0":3,"1":3,"2":3,"3":3},"f":{},"b":{},"_coverageSchema":"1a1c01bbd47fc00a2c39e90264f33305004495a9","hash":"5d866530d252fde0c110518f78c2da1cc2f1ccc7"}
,"C:\\Users\\rssam\\Desktop\\Weekly Progress\\Week 6\\Week 6 day 7\\day7_backend\\index.js": {"path":"C:\\Users\\rssam\\Desktop\\Weekly Progress\\Week 6\\Week 6 day 7\\day7_backend\\index.js","statementMap":{"0":{"start":{"line":11,"column":0},"end":{"line":11,"column":16}},"1":{"start":{"line":13,"column":12},"end":{"line":13,"column":21}},"2":{"start":{"line":16,"column":0},"end":{"line":21,"column":2}},"3":{"start":{"line":24,"column":0},"end":{"line":24,"column":24}},"4":{"start":{"line":25,"column":0},"end":{"line":25,"column":24}},"5":{"start":{"line":28,"column":0},"end":{"line":38,"column":2}},"6":{"start":{"line":41,"column":0},"end":{"line":41,"column":31}},"7":{"start":{"line":42,"column":0},"end":{"line":42,"column":28}},"8":{"start":{"line":44,"column":13},"end":{"line":44,"column":37}},"9":{"start":{"line":48,"column":21},"end":{"line":48,"column":55}},"10":{"start":{"line":49,"column":22},"end":{"line":49,"column":60}},"11":{"start":{"line":50,"column":22},"end":{"line":50,"column":73}},"12":{"start":{"line":51,"column":16},"end":{"line":51,"column":42}},"13":{"start":{"line":53,"column":2},"end":{"line":55,"column":3}},"14":{"start":{"line":54,"column":4},"end":{"line":54,"column":74}},"15":{"start":{"line":57,"column":2},"end":{"line":64,"column":3}},"16":{"start":{"line":58,"column":20},"end":{"line":58,"column":61}},"17":{"start":{"line":59,"column":4},"end":{"line":59,"column":23}},"18":{"start":{"line":60,"column":4},"end":{"line":60,"column":11}},"19":{"start":{"line":62,"column":4},"end":{"line":62,"column":52}},"20":{"start":{"line":63,"column":4},"end":{"line":63,"column":62}},"21":{"start":{"line":69,"column":16},"end":{"line":73,"column":3}},"22":{"start":{"line":75,"column":2},"end":{"line":80,"column":5}},"23":{"start":{"line":82,"column":2},"end":{"line":82,"column":15}},"24":{"start":{"line":88,"column":0},"end":{"line":92,"column":2}},"25":{"start":{"line":95,"column":0},"end":{"line":124,"column":2}},"26":{"start":{"line":101,"column":4},"end":{"line":122,"column":5}},"27":{"start":{"line":102,"column":6},"end":{"line":102,"column":66}},"28":{"start":{"line":104,"column":6},"end":{"line":107,"column":7}},"29":{"start":{"line":105,"column":8},"end":{"line":105,"column":65}},"30":{"start":{"line":106,"column":8},"end":{"line":106,"column":84}},"31":{"start":{"line":110,"column":6},"end":{"line":110,"column":47}},"32":{"start":{"line":113,"column":6},"end":{"line":113,"column":56}},"33":{"start":{"line":115,"column":6},"end":{"line":115,"column":62}},"34":{"start":{"line":117,"column":6},"end":{"line":121,"column":7}},"35":{"start":{"line":118,"column":8},"end":{"line":118,"column":83}},"36":{"start":{"line":120,"column":8},"end":{"line":120,"column":86}},"37":{"start":{"line":128,"column":0},"end":{"line":161,"column":3}},"38":{"start":{"line":129,"column":36},"end":{"line":129,"column":44}},"39":{"start":{"line":130,"column":2},"end":{"line":132,"column":3}},"40":{"start":{"line":131,"column":4},"end":{"line":131,"column":72}},"41":{"start":{"line":133,"column":2},"end":{"line":160,"column":3}},"42":{"start":{"line":134,"column":42},"end":{"line":138,"column":15}},"43":{"start":{"line":139,"column":4},"end":{"line":141,"column":5}},"44":{"start":{"line":140,"column":6},"end":{"line":140,"column":70}},"45":{"start":{"line":142,"column":27},"end":{"line":142,"column":58}},"46":{"start":{"line":143,"column":48},"end":{"line":147,"column":15}},"47":{"start":{"line":148,"column":4},"end":{"line":150,"column":5}},"48":{"start":{"line":149,"column":6},"end":{"line":149,"column":63}},"49":{"start":{"line":151,"column":4},"end":{"line":156,"column":9}},"50":{"start":{"line":158,"column":4},"end":{"line":158,"column":23}},"51":{"start":{"line":159,"column":4},"end":{"line":159,"column":61}},"52":{"start":{"line":163,"column":0},"end":{"line":209,"column":3}},"53":{"start":{"line":164,"column":30},"end":{"line":164,"column":38}},"54":{"start":{"line":166,"column":2},"end":{"line":168,"column":3}},"55":{"start":{"line":167,"column":4},"end":{"line":167,"column":85}},"56":{"start":{"line":170,"column":2},"end":{"line":208,"column":3}},"57":{"start":{"line":171,"column":34},"end":{"line":175,"column":15}},"58":{"start":{"line":177,"column":4},"end":{"line":179,"column":5}},"59":{"start":{"line":178,"column":6},"end":{"line":178,"column":65}},"60":{"start":{"line":182,"column":4},"end":{"line":186,"column":5}},"61":{"start":{"line":183,"column":6},"end":{"line":185,"column":9}},"62":{"start":{"line":188,"column":20},"end":{"line":188,"column":65}},"63":{"start":{"line":189,"column":4},"end":{"line":191,"column":5}},"64":{"start":{"line":190,"column":6},"end":{"line":190,"column":70}},"65":{"start":{"line":194,"column":4},"end":{"line":194,"column":41}},"66":{"start":{"line":196,"column":4},"end":{"line":204,"column":7}},"67":{"start":{"line":206,"column":4},"end":{"line":206,"column":39}},"68":{"start":{"line":207,"column":4},"end":{"line":207,"column":63}},"69":{"start":{"line":211,"column":0},"end":{"line":218,"column":3}},"70":{"start":{"line":212,"column":2},"end":{"line":216,"column":5}},"71":{"start":{"line":217,"column":2},"end":{"line":217,"column":57}},"72":{"start":{"line":219,"column":0},"end":{"line":249,"column":3}},"73":{"start":{"line":220,"column":2},"end":{"line":248,"column":3}},"74":{"start":{"line":221,"column":24},"end":{"line":221,"column":75}},"75":{"start":{"line":222,"column":4},"end":{"line":224,"column":5}},"76":{"start":{"line":223,"column":6},"end":{"line":223,"column":50}},"77":{"start":{"line":226,"column":20},"end":{"line":226,"column":67}},"78":{"start":{"line":227,"column":34},"end":{"line":231,"column":15}},"79":{"start":{"line":233,"column":4},"end":{"line":235,"column":5}},"80":{"start":{"line":234,"column":6},"end":{"line":234,"column":50}},"81":{"start":{"line":237,"column":4},"end":{"line":244,"column":7}},"82":{"start":{"line":246,"column":4},"end":{"line":246,"column":41}},"83":{"start":{"line":247,"column":4},"end":{"line":247,"column":41}},"84":{"start":{"line":250,"column":0},"end":{"line":287,"column":3}},"85":{"start":{"line":251,"column":2},"end":{"line":286,"column":3}},"86":{"start":{"line":252,"column":15},"end":{"line":252,"column":44}},"87":{"start":{"line":253,"column":16},"end":{"line":253,"column":47}},"88":{"start":{"line":254,"column":19},"end":{"line":254,"column":41}},"89":{"start":{"line":255,"column":4},"end":{"line":257,"column":5}},"90":{"start":{"line":256,"column":6},"end":{"line":256,"column":15}},"91":{"start":{"line":258,"column":4},"end":{"line":258,"column":38}},"92":{"start":{"line":260,"column":18},"end":{"line":260,"column":36}},"93":{"start":{"line":261,"column":16},"end":{"line":261,"column":33}},"94":{"start":{"line":263,"column":16},"end":{"line":266,"column":48}},"95":{"start":{"line":268,"column":4},"end":{"line":270,"column":5}},"96":{"start":{"line":269,"column":6},"end":{"line":269,"column":50}},"97":{"start":{"line":271,"column":4},"end":{"line":271,"column":36}},"98":{"start":{"line":272,"column":42},"end":{"line":272,"column":53}},"99":{"start":{"line":274,"column":4},"end":{"line":276,"column":5}},"100":{"start":{"line":275,"column":6},"end":{"line":275,"column":78}},"101":{"start":{"line":277,"column":4},"end":{"line":282,"column":7}},"102":{"start":{"line":284,"column":4},"end":{"line":284,"column":23}},"103":{"start":{"line":285,"column":4},"end":{"line":285,"column":70}},"104":{"start":{"line":288,"column":0},"end":{"line":307,"column":3}},"105":{"start":{"line":289,"column":26},"end":{"line":289,"column":34}},"106":{"start":{"line":290,"column":2},"end":{"line":292,"column":3}},"107":{"start":{"line":291,"column":4},"end":{"line":291,"column":76}},"108":{"start":{"line":293,"column":2},"end":{"line":306,"column":3}},"109":{"start":{"line":294,"column":34},"end":{"line":298,"column":15}},"110":{"start":{"line":299,"column":4},"end":{"line":301,"column":5}},"111":{"start":{"line":300,"column":6},"end":{"line":300,"column":77}},"112":{"start":{"line":302,"column":4},"end":{"line":302,"column":73}},"113":{"start":{"line":304,"column":4},"end":{"line":304,"column":23}},"114":{"start":{"line":305,"column":4},"end":{"line":305,"column":63}},"115":{"start":{"line":309,"column":0},"end":{"line":332,"column":3}},"116":{"start":{"line":310,"column":17},"end":{"line":310,"column":30}},"117":{"start":{"line":311,"column":26},"end":{"line":311,"column":34}},"118":{"start":{"line":312,"column":2},"end":{"line":314,"column":3}},"119":{"start":{"line":313,"column":4},"end":{"line":313,"column":76}},"120":{"start":{"line":315,"column":2},"end":{"line":331,"column":3}},"121":{"start":{"line":316,"column":41},"end":{"line":322,"column":15}},"122":{"start":{"line":324,"column":4},"end":{"line":326,"column":5}},"123":{"start":{"line":325,"column":6},"end":{"line":325,"column":79}},"124":{"start":{"line":327,"column":4},"end":{"line":327,"column":42}},"125":{"start":{"line":329,"column":4},"end":{"line":329,"column":23}},"126":{"start":{"line":330,"column":4},"end":{"line":330,"column":63}},"127":{"start":{"line":334,"column":0},"end":{"line":355,"column":3}},"128":{"start":{"line":335,"column":17},"end":{"line":335,"column":30}},"129":{"start":{"line":336,"column":2},"end":{"line":354,"column":3}},"130":{"start":{"line":337,"column":40},"end":{"line":342,"column":15}},"131":{"start":{"line":343,"column":4},"end":{"line":347,"column":5}},"132":{"start":{"line":344,"column":6},"end":{"line":346,"column":65}},"133":{"start":{"line":348,"column":4},"end":{"line":350,"column":72}},"134":{"start":{"line":352,"column":4},"end":{"line":352,"column":23}},"135":{"start":{"line":353,"column":4},"end":{"line":353,"column":63}},"136":{"start":{"line":356,"column":0},"end":{"line":358,"column":3}},"137":{"start":{"line":357,"column":2},"end":{"line":357,"column":48}}},"fnMap":{"0":{"name":"authenticateToken","decl":{"start":{"line":47,"column":15},"end":{"line":47,"column":32}},"loc":{"start":{"line":47,"column":49},"end":{"line":65,"column":1}},"line":47},"1":{"name":"generateTokenAndSetCookie","decl":{"start":{"line":68,"column":9},"end":{"line":68,"column":34}},"loc":{"start":{"line":68,"column":46},"end":{"line":83,"column":1}},"line":68},"2":{"name":"(anonymous_2)","decl":{"start":{"line":100,"column":2},"end":{"line":100,"column":3}},"loc":{"start":{"line":100,"column":16},"end":{"line":123,"column":3}},"line":100},"3":{"name":"(anonymous_3)","decl":{"start":{"line":128,"column":27},"end":{"line":128,"column":28}},"loc":{"start":{"line":128,"column":47},"end":{"line":161,"column":1}},"line":128},"4":{"name":"(anonymous_4)","decl":{"start":{"line":163,"column":24},"end":{"line":163,"column":25}},"loc":{"start":{"line":163,"column":44},"end":{"line":209,"column":1}},"line":163},"5":{"name":"(anonymous_5)","decl":{"start":{"line":211,"column":25},"end":{"line":211,"column":26}},"loc":{"start":{"line":211,"column":39},"end":{"line":218,"column":1}},"line":211},"6":{"name":"(anonymous_6)","decl":{"start":{"line":219,"column":20},"end":{"line":219,"column":21}},"loc":{"start":{"line":219,"column":40},"end":{"line":249,"column":1}},"line":219},"7":{"name":"(anonymous_7)","decl":{"start":{"line":250,"column":18},"end":{"line":250,"column":19}},"loc":{"start":{"line":250,"column":38},"end":{"line":287,"column":1}},"line":250},"8":{"name":"(anonymous_8)","decl":{"start":{"line":288,"column":38},"end":{"line":288,"column":39}},"loc":{"start":{"line":288,"column":58},"end":{"line":307,"column":1}},"line":288},"9":{"name":"(anonymous_9)","decl":{"start":{"line":309,"column":41},"end":{"line":309,"column":42}},"loc":{"start":{"line":309,"column":61},"end":{"line":332,"column":1}},"line":309},"10":{"name":"(anonymous_10)","decl":{"start":{"line":334,"column":44},"end":{"line":334,"column":45}},"loc":{"start":{"line":334,"column":64},"end":{"line":355,"column":1}},"line":334},"11":{"name":"(anonymous_11)","decl":{"start":{"line":356,"column":17},"end":{"line":356,"column":18}},"loc":{"start":{"line":356,"column":23},"end":{"line":358,"column":1}},"line":356}},"branchMap":{"0":{"loc":{"start":{"line":44,"column":13},"end":{"line":44,"column":37}},"type":"binary-expr","locations":[{"start":{"line":44,"column":13},"end":{"line":44,"column":29}},{"start":{"line":44,"column":33},"end":{"line":44,"column":37}}],"line":44},"1":{"loc":{"start":{"line":48,"column":21},"end":{"line":48,"column":55}},"type":"binary-expr","locations":[{"start":{"line":48,"column":21},"end":{"line":48,"column":49}},{"start":{"line":48,"column":53},"end":{"line":48,"column":55}}],"line":48},"2":{"loc":{"start":{"line":49,"column":22},"end":{"line":49,"column":60}},"type":"binary-expr","locations":[{"start":{"line":49,"column":22},"end":{"line":49,"column":32}},{"start":{"line":49,"column":36},"end":{"line":49,"column":60}}],"line":49},"3":{"loc":{"start":{"line":50,"column":22},"end":{"line":50,"column":73}},"type":"binary-expr","locations":[{"start":{"line":50,"column":22},"end":{"line":50,"column":33}},{"start":{"line":50,"column":37},"end":{"line":50,"column":73}}],"line":50},"4":{"loc":{"start":{"line":51,"column":16},"end":{"line":51,"column":42}},"type":"binary-expr","locations":[{"start":{"line":51,"column":16},"end":{"line":51,"column":27}},{"start":{"line":51,"column":31},"end":{"line":51,"column":42}}],"line":51},"5":{"loc":{"start":{"line":53,"column":2},"end":{"line":55,"column":3}},"type":"if","locations":[{"start":{"line":53,"column":2},"end":{"line":55,"column":3}},{"start":{},"end":{}}],"line":53},"6":{"loc":{"start":{"line":104,"column":6},"end":{"line":107,"column":7}},"type":"if","locations":[{"start":{"line":104,"column":6},"end":{"line":107,"column":7}},{"start":{},"end":{}}],"line":104},"7":{"loc":{"start":{"line":117,"column":6},"end":{"line":121,"column":7}},"type":"if","locations":[{"start":{"line":117,"column":6},"end":{"line":121,"column":7}},{"start":{"line":119,"column":13},"end":{"line":121,"column":7}}],"line":117},"8":{"loc":{"start":{"line":117,"column":10},"end":{"line":117,"column":71}},"type":"binary-expr","locations":[{"start":{"line":117,"column":10},"end":{"line":117,"column":23}},{"start":{"line":117,"column":27},"end":{"line":117,"column":71}}],"line":117},"9":{"loc":{"start":{"line":130,"column":2},"end":{"line":132,"column":3}},"type":"if","locations":[{"start":{"line":130,"column":2},"end":{"line":132,"column":3}},{"start":{},"end":{}}],"line":130},"10":{"loc":{"start":{"line":130,"column":6},"end":{"line":130,"column":34}},"type":"binary-expr","locations":[{"start":{"line":130,"column":6},"end":{"line":130,"column":11}},{"start":{"line":130,"column":15},"end":{"line":130,"column":21}},{"start":{"line":130,"column":25},"end":{"line":130,"column":34}}],"line":130},"11":{"loc":{"start":{"line":139,"column":4},"end":{"line":141,"column":5}},"type":"if","locations":[{"start":{"line":139,"column":4},"end":{"line":141,"column":5}},{"start":{},"end":{}}],"line":139},"12":{"loc":{"start":{"line":148,"column":4},"end":{"line":150,"column":5}},"type":"if","locations":[{"start":{"line":148,"column":4},"end":{"line":150,"column":5}},{"start":{},"end":{}}],"line":148},"13":{"loc":{"start":{"line":166,"column":2},"end":{"line":168,"column":3}},"type":"if","locations":[{"start":{"line":166,"column":2},"end":{"line":168,"column":3}},{"start":{},"end":{}}],"line":166},"14":{"loc":{"start":{"line":166,"column":6},"end":{"line":166,"column":25}},"type":"binary-expr","locations":[{"start":{"line":166,"column":6},"end":{"line":166,"column":12}},{"start":{"line":166,"column":16},"end":{"line":166,"column":25}}],"line":166},"15":{"loc":{"start":{"line":177,"column":4},"end":{"line":179,"column":5}},"type":"if","locations":[{"start":{"line":177,"column":4},"end":{"line":179,"column":5}},{"start":{},"end":{}}],"line":177},"16":{"loc":{"start":{"line":177,"column":8},"end":{"line":177,"column":22}},"type":"binary-expr","locations":[{"start":{"line":177,"column":8},"end":{"line":177,"column":13}},{"start":{"line":177,"column":17},"end":{"line":177,"column":22}}],"line":177},"17":{"loc":{"start":{"line":182,"column":4},"end":{"line":186,"column":5}},"type":"if","locations":[{"start":{"line":182,"column":4},"end":{"line":186,"column":5}},{"start":{},"end":{}}],"line":182},"18":{"loc":{"start":{"line":189,"column":4},"end":{"line":191,"column":5}},"type":"if","locations":[{"start":{"line":189,"column":4},"end":{"line":191,"column":5}},{"start":{},"end":{}}],"line":189},"19":{"loc":{"start":{"line":221,"column":24},"end":{"line":221,"column":75}},"type":"binary-expr","locations":[{"start":{"line":221,"column":24},"end":{"line":221,"column":35}},{"start":{"line":221,"column":39},"end":{"line":221,"column":75}}],"line":221},"20":{"loc":{"start":{"line":222,"column":4},"end":{"line":224,"column":5}},"type":"if","locations":[{"start":{"line":222,"column":4},"end":{"line":224,"column":5}},{"start":{},"end":{}}],"line":222},"21":{"loc":{"start":{"line":233,"column":4},"end":{"line":235,"column":5}},"type":"if","locations":[{"start":{"line":233,"column":4},"end":{"line":235,"column":5}},{"start":{},"end":{}}],"line":233},"22":{"loc":{"start":{"line":233,"column":8},"end":{"line":233,"column":22}},"type":"binary-expr","locations":[{"start":{"line":233,"column":8},"end":{"line":233,"column":13}},{"start":{"line":233,"column":17},"end":{"line":233,"column":22}}],"line":233},"23":{"loc":{"start":{"line":252,"column":15},"end":{"line":252,"column":44}},"type":"binary-expr","locations":[{"start":{"line":252,"column":15},"end":{"line":252,"column":39}},{"start":{"line":252,"column":43},"end":{"line":252,"column":44}}],"line":252},"24":{"loc":{"start":{"line":253,"column":16},"end":{"line":253,"column":47}},"type":"binary-expr","locations":[{"start":{"line":253,"column":16},"end":{"line":253,"column":41}},{"start":{"line":253,"column":45},"end":{"line":253,"column":47}}],"line":253},"25":{"loc":{"start":{"line":254,"column":19},"end":{"line":254,"column":41}},"type":"binary-expr","locations":[{"start":{"line":254,"column":19},"end":{"line":254,"column":35}},{"start":{"line":254,"column":39},"end":{"line":254,"column":41}}],"line":254},"26":{"loc":{"start":{"line":255,"column":4},"end":{"line":257,"column":5}},"type":"if","locations":[{"start":{"line":255,"column":4},"end":{"line":257,"column":5}},{"start":{},"end":{}}],"line":255},"27":{"loc":{"start":{"line":268,"column":4},"end":{"line":270,"column":5}},"type":"if","locations":[{"start":{"line":268,"column":4},"end":{"line":270,"column":5}},{"start":{},"end":{}}],"line":268},"28":{"loc":{"start":{"line":274,"column":4},"end":{"line":276,"column":5}},"type":"if","locations":[{"start":{"line":274,"column":4},"end":{"line":276,"column":5}},{"start":{},"end":{}}],"line":274},"29":{"loc":{"start":{"line":279,"column":18},"end":{"line":279,"column":28}},"type":"binary-expr","locations":[{"start":{"line":279,"column":18},"end":{"line":279,"column":23}},{"start":{"line":279,"column":27},"end":{"line":279,"column":28}}],"line":279},"30":{"loc":{"start":{"line":280,"column":29},"end":{"line":280,"column":39}},"type":"binary-expr","locations":[{"start":{"line":280,"column":29},"end":{"line":280,"column":34}},{"start":{"line":280,"column":38},"end":{"line":280,"column":39}}],"line":280},"31":{"loc":{"start":{"line":290,"column":2},"end":{"line":292,"column":3}},"type":"if","locations":[{"start":{"line":290,"column":2},"end":{"line":292,"column":3}},{"start":{},"end":{}}],"line":290},"32":{"loc":{"start":{"line":290,"column":6},"end":{"line":290,"column":21}},"type":"binary-expr","locations":[{"start":{"line":290,"column":6},"end":{"line":290,"column":12}},{"start":{"line":290,"column":16},"end":{"line":290,"column":21}}],"line":290},"33":{"loc":{"start":{"line":299,"column":4},"end":{"line":301,"column":5}},"type":"if","locations":[{"start":{"line":299,"column":4},"end":{"line":301,"column":5}},{"start":{},"end":{}}],"line":299},"34":{"loc":{"start":{"line":312,"column":2},"end":{"line":314,"column":3}},"type":"if","locations":[{"start":{"line":312,"column":2},"end":{"line":314,"column":3}},{"start":{},"end":{}}],"line":312},"35":{"loc":{"start":{"line":312,"column":6},"end":{"line":312,"column":21}},"type":"binary-expr","locations":[{"start":{"line":312,"column":6},"end":{"line":312,"column":12}},{"start":{"line":312,"column":16},"end":{"line":312,"column":21}}],"line":312},"36":{"loc":{"start":{"line":324,"column":4},"end":{"line":326,"column":5}},"type":"if","locations":[{"start":{"line":324,"column":4},"end":{"line":326,"column":5}},{"start":{},"end":{}}],"line":324},"37":{"loc":{"start":{"line":343,"column":4},"end":{"line":347,"column":5}},"type":"if","locations":[{"start":{"line":343,"column":4},"end":{"line":347,"column":5}},{"start":{},"end":{}}],"line":343}},"s":{"0":0,"1":0,"2":0,"3":0,"4":0,"5":0,"6":0,"7":0,"8":0,"9":0,"10":0,"11":0,"12":0,"13":0,"14":0,"15":0,"16":0,"17":0,"18":0,"19":0,"20":0,"21":0,"22":0,"23":0,"24":0,"25":0,"26":0,"27":0,"28":0,"29":0,"30":0,"31":0,"32":0,"33":0,"34":0,"35":0,"36":0,"37":0,"38":0,"39":0,"40":0,"41":0,"42":0,"43":0,"44":0,"45":0,"46":0,"47":0,"48":0,"49":0,"50":0,"51":0,"52":0,"53":0,"54":0,"55":0,"56":0,"57":0,"58":0,"59":0,"60":0,"61":0,"62":0,"63":0,"64":0,"65":0,"66":0,"67":0,"68":0,"69":0,"70":0,"71":0,"72":0,"73":0,"74":0,"75":0,"76":0,"77":0,"78":0,"79":0,"80":0,"81":0,"82":0,"83":0,"84":0,"85":0,"86":0,"87":0,"88":0,"89":0,"90":0,"91":0,"92":0,"93":0,"94":0,"95":0,"96":0,"97":0,"98":0,"99":0,"100":0,"101":0,"102":0,"103":0,"104":0,"105":0,"106":0,"107":0,"108":0,"109":0,"110":0,"111":0,"112":0,"113":0,"114":0,"115":0,"116":0,"117":0,"118":0,"119":0,"120":0,"121":0,"122":0,"123":0,"124":0,"125":0,"126":0,"127":0,"128":0,"129":0,"130":0,"131":0,"132":0,"133":0,"134":0,"135":0,"136":0,"137":0},"f":{"0":0,"1":0,"2":0,"3":0,"4":0,"5":0,"6":0,"7":0,"8":0,"9":0,"10":0,"11":0},"b":{"0":[0,0],"1":[0,0],"2":[0,0],"3":[0,0],"4":[0,0],"5":[0,0],"6":[0,0],"7":[0,0],"8":[0,0],"9":[0,0],"10":[0,0,0],"11":[0,0],"12":[0,0],"13":[0,0],"14":[0,0],"15":[0,0],"16":[0,0],"17":[0,0],"18":[0,0],"19":[0,0],"20":[0,0],"21":[0,0],"22":[0,0],"23":[0,0],"24":[0,0],"25":[0,0],"26":[0,0],"27":[0,0],"28":[0,0],"29":[0,0],"30":[0,0],"31":[0,0],"32":[0,0],"33":[0,0],"34":[0,0],"35":[0,0],"36":[0,0],"37":[0,0]}}
,"C:\\Users\\rssam\\Desktop\\Weekly Progress\\Week 6\\Week 6 day 7\\day7_backend\\passport-config.js": {"path":"C:\\Users\\rssam\\Desktop\\Weekly Progress\\Week 6\\Week 6 day 7\\day7_backend\\passport-config.js","statementMap":{"0":{"start":{"line":6,"column":0},"end":{"line":6,"column":16}},"1":{"start":{"line":9,"column":0},"end":{"line":67,"column":2}},"2":{"start":{"line":17,"column":6},"end":{"line":64,"column":7}},"3":{"start":{"line":19,"column":62},"end":{"line":19,"column":69}},"4":{"start":{"line":20,"column":22},"end":{"line":20,"column":38}},"5":{"start":{"line":21,"column":21},"end":{"line":21,"column":32}},"6":{"start":{"line":22,"column":31},"end":{"line":22,"column":47}},"7":{"start":{"line":24,"column":8},"end":{"line":26,"column":9}},"8":{"start":{"line":25,"column":10},"end":{"line":25,"column":75}},"9":{"start":{"line":29,"column":58},"end":{"line":33,"column":19}},"10":{"start":{"line":35,"column":8},"end":{"line":39,"column":9}},"11":{"start":{"line":37,"column":10},"end":{"line":37,"column":92}},"12":{"start":{"line":38,"column":10},"end":{"line":38,"column":42}},"13":{"start":{"line":42,"column":54},"end":{"line":52,"column":19}},"14":{"start":{"line":54,"column":8},"end":{"line":57,"column":9}},"15":{"start":{"line":55,"column":10},"end":{"line":55,"column":65}},"16":{"start":{"line":56,"column":10},"end":{"line":56,"column":41}},"17":{"start":{"line":59,"column":8},"end":{"line":59,"column":70}},"18":{"start":{"line":60,"column":8},"end":{"line":60,"column":35}},"19":{"start":{"line":62,"column":8},"end":{"line":62,"column":64}},"20":{"start":{"line":63,"column":8},"end":{"line":63,"column":33}},"21":{"start":{"line":70,"column":0},"end":{"line":72,"column":3}},"22":{"start":{"line":71,"column":2},"end":{"line":71,"column":22}},"23":{"start":{"line":75,"column":0},"end":{"line":91,"column":3}},"24":{"start":{"line":76,"column":2},"end":{"line":90,"column":3}},"25":{"start":{"line":77,"column":34},"end":{"line":81,"column":15}},"26":{"start":{"line":83,"column":4},"end":{"line":85,"column":5}},"27":{"start":{"line":84,"column":6},"end":{"line":84,"column":31}},"28":{"start":{"line":87,"column":4},"end":{"line":87,"column":28}},"29":{"start":{"line":89,"column":4},"end":{"line":89,"column":29}}},"fnMap":{"0":{"name":"(anonymous_0)","decl":{"start":{"line":16,"column":4},"end":{"line":16,"column":5}},"loc":{"start":{"line":16,"column":56},"end":{"line":65,"column":5}},"line":16},"1":{"name":"(anonymous_1)","decl":{"start":{"line":70,"column":23},"end":{"line":70,"column":24}},"loc":{"start":{"line":70,"column":39},"end":{"line":72,"column":1}},"line":70},"2":{"name":"(anonymous_2)","decl":{"start":{"line":75,"column":25},"end":{"line":75,"column":26}},"loc":{"start":{"line":75,"column":45},"end":{"line":91,"column":1}},"line":75}},"branchMap":{"0":{"loc":{"start":{"line":24,"column":8},"end":{"line":26,"column":9}},"type":"if","locations":[{"start":{"line":24,"column":8},"end":{"line":26,"column":9}},{"start":{},"end":{}}],"line":24},"1":{"loc":{"start":{"line":35,"column":8},"end":{"line":39,"column":9}},"type":"if","locations":[{"start":{"line":35,"column":8},"end":{"line":39,"column":9}},{"start":{},"end":{}}],"line":35},"2":{"loc":{"start":{"line":35,"column":12},"end":{"line":35,"column":39}},"type":"binary-expr","locations":[{"start":{"line":35,"column":12},"end":{"line":35,"column":24}},{"start":{"line":35,"column":28},"end":{"line":35,"column":39}}],"line":35},"3":{"loc":{"start":{"line":54,"column":8},"end":{"line":57,"column":9}},"type":"if","locations":[{"start":{"line":54,"column":8},"end":{"line":57,"column":9}},{"start":{},"end":{}}],"line":54},"4":{"loc":{"start":{"line":83,"column":4},"end":{"line":85,"column":5}},"type":"if","locations":[{"start":{"line":83,"column":4},"end":{"line":85,"column":5}},{"start":{},"end":{}}],"line":83}},"s":{"0":0,"1":0,"2":0,"3":0,"4":0,"5":0,"6":0,"7":0,"8":0,"9":0,"10":0,"11":0,"12":0,"13":0,"14":0,"15":0,"16":0,"17":0,"18":0,"19":0,"20":0,"21":0,"22":0,"23":0,"24":0,"25":0,"26":0,"27":0,"28":0,"29":0},"f":{"0":0,"1":0,"2":0},"b":{"0":[0,0],"1":[0,0],"2":[0,0],"3":[0,0],"4":[0,0]}}
}
