TN:
SF:db.js
FNF:0
FNH:0
DA:2,3
DA:4,3
DA:5,3
DA:6,3
LF:4
LH:4
BRF:0
BRH:0
end_of_record
TN:
SF:index.js
FN:47,authenticateToken
FN:68,generateTokenAndSetCookie
FN:100,(anonymous_2)
FN:128,(anonymous_3)
FN:163,(anonymous_4)
FN:211,(anonymous_5)
FN:219,(anonymous_6)
FN:250,(anonymous_7)
FN:288,(anonymous_8)
FN:309,(anonymous_9)
FN:334,(anonymous_10)
FN:356,(anonymous_11)
FNF:12
FNH:0
FNDA:0,authenticateToken
FNDA:0,generateTokenAndSetCookie
FNDA:0,(anonymous_2)
FNDA:0,(anonymous_3)
FNDA:0,(anonymous_4)
FNDA:0,(anonymous_5)
FNDA:0,(anonymous_6)
FNDA:0,(anonymous_7)
FNDA:0,(anonymous_8)
FNDA:0,(anonymous_9)
FNDA:0,(anonymous_10)
FNDA:0,(anonymous_11)
DA:11,0
DA:13,0
DA:16,0
DA:24,0
DA:25,0
DA:28,0
DA:41,0
DA:42,0
DA:44,0
DA:48,0
DA:49,0
DA:50,0
DA:51,0
DA:53,0
DA:54,0
DA:57,0
DA:58,0
DA:59,0
DA:60,0
DA:62,0
DA:63,0
DA:69,0
DA:75,0
DA:82,0
DA:88,0
DA:95,0
DA:101,0
DA:102,0
DA:104,0
DA:105,0
DA:106,0
DA:110,0
DA:113,0
DA:115,0
DA:117,0
DA:118,0
DA:120,0
DA:128,0
DA:129,0
DA:130,0
DA:131,0
DA:133,0
DA:134,0
DA:139,0
DA:140,0
DA:142,0
DA:143,0
DA:148,0
DA:149,0
DA:151,0
DA:158,0
DA:159,0
DA:163,0
DA:164,0
DA:166,0
DA:167,0
DA:170,0
DA:171,0
DA:177,0
DA:178,0
DA:182,0
DA:183,0
DA:188,0
DA:189,0
DA:190,0
DA:194,0
DA:196,0
DA:206,0
DA:207,0
DA:211,0
DA:212,0
DA:217,0
DA:219,0
DA:220,0
DA:221,0
DA:222,0
DA:223,0
DA:226,0
DA:227,0
DA:233,0
DA:234,0
DA:237,0
DA:246,0
DA:247,0
DA:250,0
DA:251,0
DA:252,0
DA:253,0
DA:254,0
DA:255,0
DA:256,0
DA:258,0
DA:260,0
DA:261,0
DA:263,0
DA:268,0
DA:269,0
DA:271,0
DA:272,0
DA:274,0
DA:275,0
DA:277,0
DA:284,0
DA:285,0
DA:288,0
DA:289,0
DA:290,0
DA:291,0
DA:293,0
DA:294,0
DA:299,0
DA:300,0
DA:302,0
DA:304,0
DA:305,0
DA:309,0
DA:310,0
DA:311,0
DA:312,0
DA:313,0
DA:315,0
DA:316,0
DA:324,0
DA:325,0
DA:327,0
DA:329,0
DA:330,0
DA:334,0
DA:335,0
DA:336,0
DA:337,0
DA:343,0
DA:344,0
DA:348,0
DA:352,0
DA:353,0
DA:356,0
DA:357,0
LF:138
LH:0
BRDA:44,0,0,0
BRDA:44,0,1,0
BRDA:48,1,0,0
BRDA:48,1,1,0
BRDA:49,2,0,0
BRDA:49,2,1,0
BRDA:50,3,0,0
BRDA:50,3,1,0
BRDA:51,4,0,0
BRDA:51,4,1,0
BRDA:53,5,0,0
BRDA:53,5,1,0
BRDA:104,6,0,0
BRDA:104,6,1,0
BRDA:117,7,0,0
BRDA:117,7,1,0
BRDA:117,8,0,0
BRDA:117,8,1,0
BRDA:130,9,0,0
BRDA:130,9,1,0
BRDA:130,10,0,0
BRDA:130,10,1,0
BRDA:130,10,2,0
BRDA:139,11,0,0
BRDA:139,11,1,0
BRDA:148,12,0,0
BRDA:148,12,1,0
BRDA:166,13,0,0
BRDA:166,13,1,0
BRDA:166,14,0,0
BRDA:166,14,1,0
BRDA:177,15,0,0
BRDA:177,15,1,0
BRDA:177,16,0,0
BRDA:177,16,1,0
BRDA:182,17,0,0
BRDA:182,17,1,0
BRDA:189,18,0,0
BRDA:189,18,1,0
BRDA:221,19,0,0
BRDA:221,19,1,0
BRDA:222,20,0,0
BRDA:222,20,1,0
BRDA:233,21,0,0
BRDA:233,21,1,0
BRDA:233,22,0,0
BRDA:233,22,1,0
BRDA:252,23,0,0
BRDA:252,23,1,0
BRDA:253,24,0,0
BRDA:253,24,1,0
BRDA:254,25,0,0
BRDA:254,25,1,0
BRDA:255,26,0,0
BRDA:255,26,1,0
BRDA:268,27,0,0
BRDA:268,27,1,0
BRDA:274,28,0,0
BRDA:274,28,1,0
BRDA:279,29,0,0
BRDA:279,29,1,0
BRDA:280,30,0,0
BRDA:280,30,1,0
BRDA:290,31,0,0
BRDA:290,31,1,0
BRDA:290,32,0,0
BRDA:290,32,1,0
BRDA:299,33,0,0
BRDA:299,33,1,0
BRDA:312,34,0,0
BRDA:312,34,1,0
BRDA:312,35,0,0
BRDA:312,35,1,0
BRDA:324,36,0,0
BRDA:324,36,1,0
BRDA:343,37,0,0
BRDA:343,37,1,0
BRF:77
BRH:0
end_of_record
TN:
SF:passport-config.js
FN:16,(anonymous_0)
FN:70,(anonymous_1)
FN:75,(anonymous_2)
FNF:3
FNH:0
FNDA:0,(anonymous_0)
FNDA:0,(anonymous_1)
FNDA:0,(anonymous_2)
DA:6,0
DA:9,0
DA:17,0
DA:19,0
DA:20,0
DA:21,0
DA:22,0
DA:24,0
DA:25,0
DA:29,0
DA:35,0
DA:37,0
DA:38,0
DA:42,0
DA:54,0
DA:55,0
DA:56,0
DA:59,0
DA:60,0
DA:62,0
DA:63,0
DA:70,0
DA:71,0
DA:75,0
DA:76,0
DA:77,0
DA:83,0
DA:84,0
DA:87,0
DA:89,0
LF:30
LH:0
BRDA:24,0,0,0
BRDA:24,0,1,0
BRDA:35,1,0,0
BRDA:35,1,1,0
BRDA:35,2,0,0
BRDA:35,2,1,0
BRDA:54,3,0,0
BRDA:54,3,1,0
BRDA:83,4,0,0
BRDA:83,4,1,0
BRF:10
BRH:0
end_of_record
